<?xml version="1.0" encoding="UTF-8"?>
<!-- Generated by org.testng.reporters.JUnitReportReporter -->
<testsuite hostname="CHETAN-99" failures="0" tests="1" name="chetan.tests.ErrorValidationsTest" time="3.679" errors="0" timestamp="12 Feb 2024 10:08:31 GMT" skipped="0">
  <testcase classname="chetan.tests.ErrorValidationsTest" name="submitOrder" time="3.679"/>
</testsuite> <!-- chetan.tests.ErrorValidationsTest -->
